

    [1;37mThank you for using the [4;36moznu/homebridge[0m [1;37mdocker image![0m

  If you find this project useful please [1;33mSTAR[0m it on GitHub:

         [4;37mhttps://github.com/oznu/docker-homebridge[0m

                Or donate to the project:

            [4;37mhttps://github.com/sponsors/oznu[0m
                  [4;37mhttps://paypal.me/oznu[0m

[37m[10/28/2021, 10:58:44 AM][0m [36m[HB Supervisor][0m Adding missing UI platform block to /homebridge/config.json
[37m[10/28/2021, 10:58:44 AM][0m [36m[HB Supervisor][0m OS: Linux 5.4.0-89-generic x64
[37m[10/28/2021, 10:58:44 AM][0m [36m[HB Supervisor][0m Node.js v16.13.0 /usr/local/bin/node
[37m[10/28/2021, 10:58:44 AM][0m [36m[HB Supervisor][0m Homebridge Path: /usr/local/lib/node_modules/homebridge/bin/homebridge
[37m[10/28/2021, 10:58:44 AM][0m [36m[HB Supervisor][0m UI Path: /usr/local/lib/node_modules/homebridge-config-ui-x/dist/bin/standalone.js
[0;37m[10/28/2021, 10:58:47 AM] [0m[0;36m[Homebridge UI][0m [0;33mHomebridge Config UI X v4.41.2 is listening on :: port 8581[0m
[37m[10/28/2021, 10:58:47 AM][0m [36m[HB Supervisor][0m Starting Homebridge with extra flags: -I -P /homebridge/node_modules
[37m[10/28/2021, 10:58:47 AM][0m [36m[HB Supervisor][0m Started Homebridge v1.3.5 with PID: 368
[0;37m[10/28/2021, 10:58:47 AM] [0m[0;36m[Homebridge UI][0m [0;33mAdded new user: admin[0m
[0;37m[10/28/2021, 10:58:47 AM] [0m[0;36m[Homebridge UI][0m Username and password have been set to default:
[0;37m[10/28/2021, 10:58:47 AM] [0m[0;36m[Homebridge UI][0m Username: admin
[0;37m[10/28/2021, 10:58:47 AM] [0m[0;36m[Homebridge UI][0m Password: admin
Initializing HAP-NodeJS v0.9.6...
[37m[10/28/2021, 10:58:48 AM] [39mLoaded config.json with 0 accessories and 1 platforms.
[37m[10/28/2021, 10:58:48 AM] [39m---
[37m[10/28/2021, 10:58:48 AM] [39mLoaded plugin: homebridge-dummy@0.5.0
[37m[10/28/2021, 10:58:48 AM] [39mRegistering accessory 'homebridge-dummy.DummySwitch'
[37m[10/28/2021, 10:58:48 AM] [39m---
[37m[10/28/2021, 10:58:48 AM] [39mLoaded plugin: homebridge-config-ui-x@4.41.2
[37m[10/28/2021, 10:58:48 AM] [39mRegistering platform 'homebridge-config-ui-x.config'
[37m[10/28/2021, 10:58:48 AM] [39m---
[37m[10/28/2021, 10:58:48 AM] [39mLoading 1 platforms...
[37m[10/28/2021, 10:58:48 AM] [39m[36m[Config][39m Initializing config platform...
[37m[10/28/2021, 10:58:48 AM] [39m[36m[Config][39m Running in Service Mode
Preparing Advertiser for 'Homebridge C7D2 1AA6' using bonjour-hap backend!
Setup Payload:
X-HM://0023ISYWY4B00
Enter this code with your HomeKit app on your iOS device to pair with Homebridge:
[30m[47m                       [49m[39m
[30m[47m    ┌────────────┐     [49m[39m
[30m[47m    │ 031-45-154 │     [49m[39m
[30m[47m    └────────────┘     [49m[39m
[30m[47m                       [49m[39m
Starting to advertise 'Homebridge C7D2 1AA6' using bonjour-hap backend!
[37m[10/28/2021, 10:58:48 AM] [39mHomebridge v1.3.5 (Homebridge C7D2) is running on port 52640.
[0;37m[10/28/2021, 11:00:37 AM] [0m[0;36m[Homebridge UI][0m Running Command: npm install --save homebridge-ring@latest
[0;37m[10/28/2021, 11:01:12 AM] [0m[0;36m[Homebridge UI][0m [homebridge-ring] Incoming Request: /send-code
[0;37m[10/28/2021, 11:01:12 AM] [0m[0;36m[Homebridge UI][0m [homebridge-ring] Logging in with email 'corkey61@hotmail.com'
[0;37m[10/28/2021, 11:01:13 AM] [0m[0;36m[Homebridge UI][0m [0;31m[homebridge-ring][0m [0;31mError: Failed to fetch oauth token from Ring. Verify that your email and password are correct. (error: access_denied)
    at RingRestClient.<anonymous> (/homebridge/node_modules/homebridge-ring/lib/api/rest-client.js:173:23)
    at Generator.throw (<anonymous>)
    at rejected (/homebridge/node_modules/homebridge-ring/lib/api/rest-client.js:6:65)
    at processTicksAndRejections (node:internal/process/task_queues:96:5)[0m
[0;37m[10/28/2021, 11:01:24 AM] [0m[0;36m[Homebridge UI][0m [homebridge-ring] Incoming Request: /send-code
[0;37m[10/28/2021, 11:01:24 AM] [0m[0;36m[Homebridge UI][0m [homebridge-ring] Logging in with email 'corkey61@hotmail.com'
[0;37m[10/28/2021, 11:01:24 AM] [0m[0;36m[Homebridge UI][0m [0;31m[homebridge-ring][0m [0;31mError: Failed to fetch oauth token from Ring. Verify that your email and password are correct. (error: access_denied)
    at RingRestClient.<anonymous> (/homebridge/node_modules/homebridge-ring/lib/api/rest-client.js:173:23)
    at Generator.throw (<anonymous>)
    at rejected (/homebridge/node_modules/homebridge-ring/lib/api/rest-client.js:6:65)
    at processTicksAndRejections (node:internal/process/task_queues:96:5)[0m
[0;37m[10/28/2021, 11:01:45 AM] [0m[0;36m[Homebridge UI][0m [homebridge-ring] Incoming Request: /send-code
[0;37m[10/28/2021, 11:01:45 AM] [0m[0;36m[Homebridge UI][0m [homebridge-ring] Logging in with email 'corkey61@hotmail.com'
[0;37m[10/28/2021, 11:01:45 AM] [0m[0;36m[Homebridge UI][0m [homebridge-ring] Please enter the code sent to +1xxxxxxxx63 via sms
[0;37m[10/28/2021, 11:02:03 AM] [0m[0;36m[Homebridge UI][0m [homebridge-ring] Incoming Request: /token
[0;37m[10/28/2021, 11:02:03 AM] [0m[0;36m[Homebridge UI][0m [homebridge-ring] Getting token for corkey61@hotmail.com with code 478065
[0;37m[10/28/2021, 1:22:49 PM] [0m[0;36m[Homebridge UI][0m [homebridge-ring] Terminating child process...
[0;37m[10/28/2021, 1:22:49 PM] [0m[0;36m[Homebridge UI][0m [homebridge-ring] Child process ended
[0;37m[10/28/2021, 2:48:46 PM] [0m[0;36m[Homebridge UI][0m [homebridge-ring] Terminating child process...
[0;37m[10/28/2021, 2:48:46 PM] [0m[0;36m[Homebridge UI][0m [homebridge-ring] Child process ended
[0;37m[10/28/2021, 2:53:28 PM] [0m[0;36m[Homebridge UI][0m [homebridge-ring] Terminating child process...
[0;37m[10/28/2021, 2:53:28 PM] [0m[0;36m[Homebridge UI][0m [homebridge-ring] Child process ended
[0;37m[10/28/2021, 3:29:06 PM] [0m[0;36m[Homebridge UI][0m [homebridge-ring] Terminating child process...
[0;37m[10/28/2021, 3:29:06 PM] [0m[0;36m[Homebridge UI][0m [homebridge-ring] Child process ended
[0;37m[10/29/2021, 1:10:51 AM] [0m[0;36m[Homebridge UI][0m Running job to cleanup config.json backup files older than 60 days...
[0;37m[10/29/2021, 4:39:08 AM] [0m[0;36m[Homebridge UI][0m Running scheduled instance backup...
[0;37m[10/29/2021, 4:39:08 AM] [0m[0;36m[Homebridge UI][0m Creating temporary backup archive at /tmp/homebridge-backup-fGcekm/homebridge-backup-0E747681C7D2.tar.gz
